(1) : 2024-01-14 23:37:47.371140 : INFO : Information request for N°1 in ECO mode.
(1) : 2024-01-14 23:38:07.397044 : INFO : Information request for N°1 in ECO mode.
(1) : 2024-01-14 23:38:24.116760 : INFO : Information request for N°1 in ECO mode.
(1) : 2024-01-14 23:38:45.283422 : INFO : Information request for N°1 in ECO mode.
(1) : 2024-01-14 23:38:55.398156 : INFO : Information request for N°1 in ECO mode.
(2) : 2024-01-14 23:38:57.013646 : INFO : Information request for N°1 in ECO mode.
(1) : 2024-01-14 23:39:13.767780 : INFO : Information request for N°1 in ECO mode.
(2) : 2024-01-14 23:39:14.256058 : INFO : Information request for N°1 in ECO mode.
(1) : 2024-01-14 23:39:22.567194 : INFO : Information request for N°1 in ECO mode.
(1) : 2024-01-14 23:39:51.110030 : INFO : Information request for N°1 in ECO mode.
(1) : 2024-01-14 23:40:02.591461 : INFO : Information request for N°1 in ECO mode.
(1) : 2024-01-14 23:40:19.730196 : INFO : Information request for N°1 in ECO mode.
(1) : 2024-01-14 23:40:52.601245 : INFO : Information request for N°1 in ECO mode.
(1) : 2024-01-14 23:41:37.345034 : INFO : Information request for N°1 in ECO mode.
(2) : 2024-01-14 23:41:46.657956 : INFO : Information request for N°1 in ECO mode.
(3) : 2024-01-14 23:41:47.352750 : INFO : Information request for N°1 in ECO mode.
(1) : 2024-01-14 23:41:55.988105 : INFO : Information request for N°1 in ECO mode.
(1) : 2024-01-14 23:42:17.346267 : INFO : Information request for N°1 in ECO mode.
(1) : 2024-01-14 23:43:19.160378 : INFO : Information request for N°1 in ECO mode.
(1) : 2024-01-14 23:43:59.727801 : INFO : Information request for N°1 in ECO mode.
(1) : 2024-01-14 23:45:17.552530 : INFO : Information request for N°1 in ECO mode.
(1) : 2024-01-14 23:47:33.264286 : INFO : Information request for N°1 in ECO mode.
(2) : 2024-01-14 23:47:44.510349 : INFO : Information request for N°1 in ECO mode.
(3) : 2024-01-14 23:47:44.549096 : INFO : Information request for N°2 in ECO mode.
(1) : 2024-01-14 23:48:33.167992 : INFO : Information request for N°1 in ECO mode.
(2) : 2024-01-14 23:48:33.212563 : INFO : Information request for N°2 in ECO mode.
(1) : 2024-01-14 23:48:48.136521 : INFO : Information request for N°1 in ECO mode.
(2) : 2024-01-14 23:48:48.169122 : INFO : Information request for N°2 in ECO mode.
(1) : 2024-01-14 23:48:59.037914 : INFO : Information request for N°1 in ECO mode.
(2) : 2024-01-14 23:48:59.068741 : INFO : Information request for N°2 in ECO mode.
(3) : 2024-01-14 23:48:59.244090 : INFO : Information request for N°1 in ECO mode.
(4) : 2024-01-14 23:48:59.312593 : INFO : Information request for N°2 in ECO mode.
(1) : 2024-01-14 23:50:39.328353 : INFO : Information request for N°1 in ECO mode.
(2) : 2024-01-14 23:50:39.376590 : INFO : Information request for N°2 in ECO mode.
(1) : 2024-01-14 23:52:00.841157 : INFO : Information request for N°1 in ECO mode.
(2) : 2024-01-14 23:52:00.878838 : INFO : Information request for N°2 in ECO mode.
(1) : 2024-01-14 23:52:33.648617 : INFO : Information request for N°1 in ECO mode.
(2) : 2024-01-14 23:52:33.680426 : INFO : Information request for N°2 in ECO mode.
(1) : 2024-01-14 23:52:50.325884 : INFO : Information request for N°1 in ECO mode.
(2) : 2024-01-14 23:52:50.365850 : INFO : Information request for N°2 in ECO mode.
(3) : 2024-01-14 23:52:50.875986 : INFO : Information request for N°1 in ECO mode.
(4) : 2024-01-14 23:52:50.968013 : INFO : Information request for N°2 in ECO mode.
(1) : 2024-01-14 23:55:58.738980 : INFO : Information request for N°1 in ECO mode.
(2) : 2024-01-14 23:55:58.783787 : INFO : Information request for N°2 in ECO mode.
(1) : 2024-01-14 23:56:07.728151 : INFO : Information request for N°1 in ECO mode.
(2) : 2024-01-14 23:56:07.764110 : INFO : Information request for N°2 in ECO mode.
(1) : 2024-01-14 23:56:26.049521 : INFO : Information request for N°1 in ECO mode.
(2) : 2024-01-14 23:56:26.081062 : INFO : Information request for N°2 in ECO mode.
(3) : 2024-01-14 23:56:28.195470 : INFO : Information request for N°1 in ECO mode.
(4) : 2024-01-14 23:56:28.284745 : INFO : Information request for N°2 in ECO mode.
(5) : 2024-01-14 23:57:02.224052 : INFO : Request for "u" in ECO mode.
(6) : 2024-01-14 23:57:02.730443 : SUGGEST : query=u : []
(7) : 2024-01-14 23:57:02.964748 : INFO : Request for "b" in ECO mode.
(8) : 2024-01-14 23:57:03.060246 : INFO : Request for "bu" in ECO mode.
(9) : 2024-01-14 23:57:03.291561 : INFO : Request for "bul" in ECO mode.
(10) : 2024-01-14 23:57:03.341695 : INFO : Information request for N°23 in ECO mode.
(11) : 2024-01-14 23:57:03.432875 : SUGGEST : query=b : [('Abo', 23, 'https://raw.githubusercontent.com/Yarkis01/PokeAPI/images/sprites/23/regular.png')]
(12) : 2024-01-14 23:57:03.432875 : INFO : Request for "bulb" in ECO mode.
(14) : 2024-01-14 23:57:03.565640 : INFO : Information request for N°258 in ECO mode.
(14) : 2024-01-14 23:57:03.565640 : INFO : Request for "bulbi" in ECO mode.
(15) : 2024-01-14 23:57:03.600518 : INFO : Information request for N°140 in ECO mode.
(16) : 2024-01-14 23:57:03.635830 : INFO : Information request for N°349 in ECO mode.
(17) : 2024-01-14 23:57:03.703269 : SUGGEST : query=bu : [('Gobou', 258, 'https://raw.githubusercontent.com/Yarkis01/PokeAPI/images/sprites/258/regular.png'), ('Kabuto', 140, 'https://raw.githubus
(18) : 2024-01-14 23:57:03.753521 : INFO : Request for "bulbiz" in ECO mode.
(19) : 2024-01-14 23:57:03.821505 : INFO : Information request for N°583 in ECO mode.
(20) : 2024-01-14 23:57:03.853831 : INFO : Information request for N°209 in ECO mode.
(21) : 2024-01-14 23:57:03.889655 : INFO : Information request for N°210 in ECO mode.
(23) : 2024-01-14 23:57:03.991081 : INFO : Information request for N°258 in ECO mode.
(23) : 2024-01-14 23:57:03.991081 : INFO : Request for "bulbiza" in ECO mode.
(24) : 2024-01-14 23:57:04.023365 : INFO : Information request for N°303 in ECO mode.
(25) : 2024-01-14 23:57:04.060553 : INFO : Information request for N°359 in ECO mode.
(26) : 2024-01-14 23:57:04.089667 : SUGGEST : query=bul : [('Sorboul', 583, 'https://raw.githubusercontent.com/Yarkis01/PokeAPI/images/sprites/583/regular.png'), ('Snubbull', 209, 'https://raw.git
(27) : 2024-01-14 23:57:04.185895 : INFO : Information request for N°1 in ECO mode.
(28) : 2024-01-14 23:57:04.219665 : INFO : Information request for N°701 in ECO mode.
(29) : 2024-01-14 23:57:04.251225 : INFO : Information request for N°343 in ECO mode.
(30) : 2024-01-14 23:57:04.281678 : INFO : Information request for N°583 in ECO mode.
(31) : 2024-01-14 23:57:04.339440 : INFO : Information request for N°209 in ECO mode.
(32) : 2024-01-14 23:57:04.422780 : INFO : Information request for N°210 in ECO mode.
(33) : 2024-01-14 23:57:04.452958 : SUGGEST : query=bulb : [('Bulbizarre', 1, 'https://raw.githubusercontent.com/Yarkis01/PokeAPI/images/sprites/1/regular.png'), ('Brutalibré', 701, 'https://raw.g
(34) : 2024-01-14 23:57:04.505309 : INFO : Information request for N°1 in ECO mode.
(35) : 2024-01-14 23:57:04.543911 : INFO : Information request for N°134 in ECO mode.
(36) : 2024-01-14 23:57:04.569362 : INFO : Information request for N°251 in ECO mode.
(37) : 2024-01-14 23:57:04.628389 : INFO : Information request for N°259 in ECO mode.
(38) : 2024-01-14 23:57:04.660212 : INFO : Information request for N°363 in ECO mode.
(39) : 2024-01-14 23:57:04.726468 : INFO : Information request for N°459 in ECO mode.
(41) : 2024-01-14 23:57:04.753619 : INFO : Information request for N°1 in ECO mode.
(41) : 2024-01-14 23:57:04.811143 : SUGGEST : query=bulbi : [('Bulbizarre', 1, 'https://raw.githubusercontent.com/Yarkis01/PokeAPI/images/sprites/1/regular.png'), ('Aquali', 134, 'https://raw.gith
(42) : 2024-01-14 23:57:04.818222 : INFO : Information request for N°459 in ECO mode.
(43) : 2024-01-14 23:57:04.847488 : INFO : Information request for N°523 in ECO mode.
(44) : 2024-01-14 23:57:04.892568 : INFO : Information request for N°460 in ECO mode.
(45) : 2024-01-14 23:57:04.925744 : INFO : Information request for N°896 in ECO mode.
(46) : 2024-01-14 23:57:04.983250 : INFO : Information request for N°975 in ECO mode.
(47) : 2024-01-14 23:57:05.008799 : SUGGEST : query=bulbiz : [('Bulbizarre', 1, 'https://raw.githubusercontent.com/Yarkis01/PokeAPI/images/sprites/1/regular.png'), ('Blizzi', 459, 'https://raw.git
(48) : 2024-01-14 23:57:05.066580 : INFO : Information request for N°1 in ECO mode.
(49) : 2024-01-14 23:57:05.096156 : INFO : Information request for N°459 in ECO mode.
(50) : 2024-01-14 23:57:05.112245 : INFO : Information request for N°460 in ECO mode.
(51) : 2024-01-14 23:57:05.176293 : INFO : Information request for N°896 in ECO mode.
(52) : 2024-01-14 23:57:05.190301 : INFO : Information request for N°523 in ECO mode.
(53) : 2024-01-14 23:57:05.247638 : INFO : Information request for N°340 in ECO mode.
(54) : 2024-01-14 23:57:05.276384 : SUGGEST : query=bulbiza : [('Bulbizarre', 1, 'https://raw.githubusercontent.com/Yarkis01/PokeAPI/images/sprites/1/regular.png'), ('Blizzi', 459, 'https://raw.gi
(55) : 2024-01-14 23:57:05.581488 : INFO : Information request for N°460 in ECO mode.
(56) : 2024-01-14 23:57:05.617974 : INFO : {'pokedexId': 460, 'generation': 4, 'category': 'Pokémon Arbregelé', 'name': {'fr': 'Blizzaroi', 'en': 'Abomasnow', 'jp': 'ユキノオー'}, 'sprites': {'regul
(57) : 2024-01-14 23:57:05.748315 : INFO : Information request for N°Blizzarite in ECO mode.
(58) : 2024-01-14 23:57:05.855217 : ERROR : Information request for N°Blizzarite failed because not listed.
(59) : 2024-01-14 23:57:05.855217 : INFO : {'status': 404, 'message': 'Impossible de trouver le Pokémon dans la base de données.'}
(60) : 2024-01-14 23:57:05.855217 : 404 : Impossible de trouver le Pokémon dans la base de données. : "/Blizzarite"
(1) : 2024-01-14 23:59:53.065544 : INFO : Information request for N°460 in ECO mode.
(2) : 2024-01-14 23:59:53.097565 : INFO : {'pokedexId': 460, 'generation': 4, 'category': 'Pokémon Arbregelé', 'name': {'fr': 'Blizzaroi', 'en': 'Abomasnow', 'jp': 'ユキノオー'}, 'sprites': {'regul
(3) : 2024-01-14 23:59:53.532825 : INFO : Information request for N°Blizzarite in ECO mode.
(4) : 2024-01-14 23:59:53.570684 : ERROR : Information request for N°Blizzarite failed because not listed.
(5) : 2024-01-14 23:59:53.570684 : INFO : {'status': 404, 'message': 'Impossible de trouver le Pokémon dans la base de données.'}
(6) : 2024-01-14 23:59:53.570684 : 404 : Impossible de trouver le Pokémon dans la base de données. : "/Blizzarite"
(1) : 2024-01-15 00:02:29.519131 : INFO : Information request for N°460 in ECO mode.
(2) : 2024-01-15 00:02:29.561298 : INFO : {'pokedexId': 460, 'generation': 4, 'category': 'Pokémon Arbregelé', 'name': {'fr': 'Blizzaroi', 'en': 'Abomasnow', 'jp': 'ユキノオー'}, 'sprites': {'regul
(3) : 2024-01-15 00:02:30.370578 : INFO : Information request for N°460 in ECO mode.
(4) : 2024-01-15 00:02:30.408597 : INFO : {'pokedexId': 460, 'generation': 4, 'category': 'Pokémon Arbregelé', 'name': {'fr': 'Blizzaroi', 'en': 'Abomasnow', 'jp': 'ユキノオー'}, 'sprites': {'regul
(5) : 2024-01-15 00:02:30.574064 : INFO : Information request for N°460 in ECO mode.
(6) : 2024-01-15 00:02:30.664867 : INFO : {'pokedexId': 460, 'generation': 4, 'category': 'Pokémon Arbregelé', 'name': {'fr': 'Blizzaroi', 'en': 'Abomasnow', 'jp': 'ユキノオー'}, 'sprites': {'regul
(7) : 2024-01-15 00:02:31.168303 : INFO : Information request for N°460 in ECO mode.
(8) : 2024-01-15 00:02:31.209765 : INFO : {'pokedexId': 460, 'generation': 4, 'category': 'Pokémon Arbregelé', 'name': {'fr': 'Blizzaroi', 'en': 'Abomasnow', 'jp': 'ユキノオー'}, 'sprites': {'regul
(9) : 2024-01-15 00:02:31.628460 : INFO : Information request for N°460 in ECO mode.
(10) : 2024-01-15 00:02:31.672682 : INFO : {'pokedexId': 460, 'generation': 4, 'category': 'Pokémon Arbregelé', 'name': {'fr': 'Blizzaroi', 'en': 'Abomasnow', 'jp': 'ユキノオー'}, 'sprites': {'regul
(11) : 2024-01-15 00:02:31.879361 : INFO : Information request for N°460 in ECO mode.
(12) : 2024-01-15 00:02:31.910615 : INFO : {'pokedexId': 460, 'generation': 4, 'category': 'Pokémon Arbregelé', 'name': {'fr': 'Blizzaroi', 'en': 'Abomasnow', 'jp': 'ユキノオー'}, 'sprites': {'regul
(13) : 2024-01-15 00:02:32.089655 : INFO : Information request for N°460 in ECO mode.
(14) : 2024-01-15 00:02:32.206531 : INFO : {'pokedexId': 460, 'generation': 4, 'category': 'Pokémon Arbregelé', 'name': {'fr': 'Blizzaroi', 'en': 'Abomasnow', 'jp': 'ユキノオー'}, 'sprites': {'regul
(15) : 2024-01-15 00:02:32.284058 : INFO : Information request for N°460 in ECO mode.
(16) : 2024-01-15 00:02:32.314932 : INFO : {'pokedexId': 460, 'generation': 4, 'category': 'Pokémon Arbregelé', 'name': {'fr': 'Blizzaroi', 'en': 'Abomasnow', 'jp': 'ユキノオー'}, 'sprites': {'regul
(17) : 2024-01-15 00:02:35.024777 : INFO : Information request for N°459 in ECO mode.
(18) : 2024-01-15 00:02:35.063014 : INFO : {'pokedexId': 459, 'generation': 4, 'category': 'Pokémon Arbregelé', 'name': {'fr': 'Blizzi', 'en': 'Snover', 'jp': 'ユキカブリ'}, 'sprites': {'regular': '
(19) : 2024-01-15 00:02:42.315902 : INFO : Information request for N°896 in ECO mode.
(20) : 2024-01-15 00:02:42.359075 : INFO : {'pokedexId': 896, 'generation': 8, 'category': 'Pokémon Cheval Rétif', 'name': {'fr': 'Blizzeval', 'en': 'Glastrier', 'jp': 'ブリザポス'}, 'sprites': {'re
(1) : 2024-01-15 00:03:06.927180 : INFO : Information request for N°896 in ECO mode.
(2) : 2024-01-15 00:03:06.971605 : INFO : {'pokedexId': 896, 'generation': 8, 'category': 'Pokémon Cheval Rétif', 'name': {'fr': 'Blizzeval', 'en': 'Glastrier', 'jp': 'ブリザポス'}, 'sprites': {'re
(3) : 2024-01-15 00:03:07.073287 : INFO : Information request for N°None in ECO mode.
(4) : 2024-01-15 00:03:07.129733 : ERROR : Information request for N°None failed because not listed.
(5) : 2024-01-15 00:03:07.131733 : INFO : {'status': 404, 'message': 'Impossible de trouver le Pokémon dans la base de données.'}
(6) : 2024-01-15 00:03:07.131733 : 404 : Impossible de trouver le Pokémon dans la base de données. : "/None"
(7) : 2024-01-15 00:03:25.495570 : INFO : Information request for N°1 in ECO mode.
(8) : 2024-01-15 00:03:25.596737 : INFO : Information request for N°2 in ECO mode.
(1) : 2024-01-15 00:03:35.077363 : INFO : Information request for N°896 in ECO mode.
(2) : 2024-01-15 00:03:35.121909 : INFO : {'pokedexId': 896, 'generation': 8, 'category': 'Pokémon Cheval Rétif', 'name': {'fr': 'Blizzeval', 'en': 'Glastrier', 'jp': 'ブリザポス'}, 'sprites': {'re
(3) : 2024-01-15 00:03:35.196387 : INFO : Information request for N°None in ECO mode.
(4) : 2024-01-15 00:03:35.248933 : ERROR : Information request for N°None failed because not listed.
(5) : 2024-01-15 00:03:35.248933 : INFO : {'status': 404, 'message': 'Impossible de trouver le Pokémon dans la base de données.'}
(6) : 2024-01-15 00:03:35.250423 : 404 : Impossible de trouver le Pokémon dans la base de données. : "/None"
(1) : 2024-01-15 00:03:56.718422 : INFO : Information request for N°896 in ECO mode.
(2) : 2024-01-15 00:03:56.759930 : INFO : {'pokedexId': 896, 'generation': 8, 'category': 'Pokémon Cheval Rétif', 'name': {'fr': 'Blizzeval', 'en': 'Glastrier', 'jp': 'ブリザポス'}, 'sprites': {'re
(3) : 2024-01-15 00:03:56.832157 : INFO : Information request for N°None in ECO mode.
(4) : 2024-01-15 00:03:56.868112 : ERROR : Information request for N°None failed because not listed.
(5) : 2024-01-15 00:03:56.868112 : INFO : {'status': 404, 'message': 'Impossible de trouver le Pokémon dans la base de données.'}
(6) : 2024-01-15 00:03:56.868112 : 404 : Impossible de trouver le Pokémon dans la base de données. : "/None"
(1) : 2024-01-15 00:04:15.765940 : INFO : Information request for N°896 in ECO mode.
(2) : 2024-01-15 00:04:15.799790 : INFO : {'pokedexId': 896, 'generation': 8, 'category': 'Pokémon Cheval Rétif', 'name': {'fr': 'Blizzeval', 'en': 'Glastrier', 'jp': 'ブリザポス'}, 'sprites': {'re
(3) : 2024-01-15 00:04:15.865570 : INFO : Information request for N°None in ECO mode.
(4) : 2024-01-15 00:04:15.902531 : ERROR : Information request for N°None failed because not listed.
(5) : 2024-01-15 00:04:15.903562 : INFO : {'status': 404, 'message': 'Impossible de trouver le Pokémon dans la base de données.'}
(6) : 2024-01-15 00:04:15.904074 : 404 : Impossible de trouver le Pokémon dans la base de données. : "/None"
(7) : 2024-01-15 00:04:20.888068 : INFO : Information request for N°1 in ECO mode.
(8) : 2024-01-15 00:04:20.974148 : INFO : Information request for N°2 in ECO mode.
(9) : 2024-01-15 00:04:21.013004 : INFO : Information request for N°896 in ECO mode.
(1) : 2024-01-15 00:05:43.251184 : INFO : Information request for N°1 in ECO mode.
(2) : 2024-01-15 00:05:43.290631 : INFO : Information request for N°2 in ECO mode.
(3) : 2024-01-15 00:05:43.322312 : INFO : Information request for N°896 in ECO mode.
(4) : 2024-01-15 00:05:44.709010 : INFO : Information request for N°1 in ECO mode.
(5) : 2024-01-15 00:05:44.744229 : INFO : {'pokedexId': 1, 'generation': 1, 'category': 'Pokémon Graine', 'name': {'fr': 'Bulbizarre', 'en': 'Bulbasaur', 'jp': 'フシギダネ'}, 'sprites': {'regular':
(6) : 2024-01-15 00:05:48.107702 : INFO : Information request for N°1 in ECO mode.
(7) : 2024-01-15 00:05:48.145763 : INFO : {'pokedexId': 1, 'generation': 1, 'category': 'Pokémon Graine', 'name': {'fr': 'Bulbizarre', 'en': 'Bulbasaur', 'jp': 'フシギダネ'}, 'sprites': {'regular':
(1) : 2024-01-15 00:06:03.949432 : INFO : Information request for N°1 in ECO mode.
(2) : 2024-01-15 00:06:03.982715 : INFO : {'pokedexId': 1, 'generation': 1, 'category': 'Pokémon Graine', 'name': {'fr': 'Bulbizarre', 'en': 'Bulbasaur', 'jp': 'フシギダネ'}, 'sprites': {'regular':
(3) : 2024-01-15 00:06:07.789620 : INFO : Information request for N°2 in ECO mode.
(4) : 2024-01-15 00:06:07.825018 : INFO : {'pokedexId': 2, 'generation': 1, 'category': 'Pokémon Graine', 'name': {'fr': 'Herbizarre', 'en': 'Ivysaur', 'jp': 'フシギソウ'}, 'sprites': {'regular': '
(5) : 2024-01-15 00:06:10.396037 : INFO : Information request for N°896 in ECO mode.
(6) : 2024-01-15 00:06:10.483436 : INFO : {'pokedexId': 896, 'generation': 8, 'category': 'Pokémon Cheval Rétif', 'name': {'fr': 'Blizzeval', 'en': 'Glastrier', 'jp': 'ブリザポス'}, 'sprites': {'re
(7) : 2024-01-15 00:06:10.541729 : INFO : Information request for N°None in ECO mode.
(8) : 2024-01-15 00:06:10.600375 : ERROR : Information request for N°None failed because not listed.
(9) : 2024-01-15 00:06:10.602436 : INFO : {'status': 404, 'message': 'Impossible de trouver le Pokémon dans la base de données.'}
(10) : 2024-01-15 00:06:10.602436 : 404 : Impossible de trouver le Pokémon dans la base de données. : "/None"
(1) : 2024-01-15 00:06:52.561699 : INFO : Information request for N°1 in ECO mode.
(2) : 2024-01-15 00:06:52.602381 : INFO : Information request for N°2 in ECO mode.
(3) : 2024-01-15 00:06:52.642270 : INFO : Information request for N°896 in ECO mode.
(4) : 2024-01-15 00:06:55.960053 : INFO : Request for "a" in ECO mode.
(5) : 2024-01-15 00:06:56.034502 : INFO : Request for "az" in ECO mode.
(6) : 2024-01-15 00:06:56.179752 : INFO : Request for "aze" in ECO mode.
(7) : 2024-01-15 00:06:56.391400 : INFO : Information request for N°23 in ECO mode.
(8) : 2024-01-15 00:06:56.430959 : SUGGEST : query=a : [('Abo', 23, 'https://raw.githubusercontent.com/Yarkis01/PokeAPI/images/sprites/23/regular.png')]
(9) : 2024-01-15 00:06:56.492195 : INFO : Information request for N°438 in ECO mode.
(10) : 2024-01-15 00:06:56.569355 : SUGGEST : query=az : [('Manzaï', 438, 'https://raw.githubusercontent.com/Yarkis01/PokeAPI/images/sprites/438/regular.png')]
(11) : 2024-01-15 00:06:56.626304 : INFO : Information request for N°462 in ECO mode.
(12) : 2024-01-15 00:06:56.659670 : INFO : Information request for N°889 in ECO mode.
(13) : 2024-01-15 00:06:56.692070 : INFO : Information request for N°975 in ECO mode.
(14) : 2024-01-15 00:06:56.779242 : SUGGEST : query=aze : [('Magnézone', 462, 'https://raw.githubusercontent.com/Yarkis01/PokeAPI/images/sprites/462/regular.png'), ('Zamazenta', 889, 'https://raw.
(15) : 2024-01-15 00:06:57.582898 : INFO : Information request for N°889 in ECO mode.
(16) : 2024-01-15 00:06:57.625061 : INFO : {'pokedexId': 889, 'generation': 8, 'category': 'Pokémon Valeureux', 'name': {'fr': 'Zamazenta', 'en': 'Zamazenta', 'jp': 'ザマゼンタ'}, 'sprites': {'regul
(1) : 2024-01-15 00:07:21.506437 : INFO : Information request for N°889 in ECO mode.
(2) : 2024-01-15 00:07:21.555198 : INFO : {'pokedexId': 889, 'generation': 8, 'category': 'Pokémon Valeureux', 'name': {'fr': 'Zamazenta', 'en': 'Zamazenta', 'jp': 'ザマゼンタ'}, 'sprites': {'regul
(1) : 2024-01-15 00:08:13.140911 : INFO : Information request for N°889 in ECO mode.
(2) : 2024-01-15 00:08:13.194721 : INFO : {'pokedexId': 889, 'generation': 8, 'category': 'Pokémon Valeureux', 'name': {'fr': 'Zamazenta', 'en': 'Zamazenta', 'jp': 'ザマゼンタ'}, 'sprites': {'regul
(3) : 2024-01-15 00:08:15.002446 : INFO : Information request for N°889 in ECO mode.
(4) : 2024-01-15 00:08:15.042832 : INFO : {'pokedexId': 889, 'generation': 8, 'category': 'Pokémon Valeureux', 'name': {'fr': 'Zamazenta', 'en': 'Zamazenta', 'jp': 'ザマゼンタ'}, 'sprites': {'regul
(5) : 2024-01-15 00:08:17.412705 : INFO : Information request for N°1 in ECO mode.
(6) : 2024-01-15 00:08:17.504513 : INFO : Information request for N°2 in ECO mode.
(7) : 2024-01-15 00:08:17.544707 : INFO : Information request for N°896 in ECO mode.
(8) : 2024-01-15 00:08:17.580193 : INFO : Information request for N°889 in ECO mode.
